RootTools2/build/outputs/logs/manifest-merger-debug-report.txt
-- Merging decision tree log ---
manifest
ADDED from src/main/AndroidManifest.xml:2:1-73:12
	package
		ADDED from src/main/AndroidManifest.xml:4:9-38
		INJECTED from src/main/AndroidManifest.xml
		INJECTED from src/main/AndroidManifest.xml
	android:versionName
		ADDED from src/main/AndroidManifest.xml:6:9-34
		INJECTED from src/main/AndroidManifest.xml
		INJECTED from src/main/AndroidManifest.xml
	android:versionCode
		ADDED from src/main/AndroidManifest.xml:5:9-32
		INJECTED from src/main/AndroidManifest.xml
		INJECTED from src/main/AndroidManifest.xml
	xmlns:android
		ADDED from src/main/AndroidManifest.xml:3:9-67
uses-sdk
ADDED from src/main/AndroidManifest.xml:8:5-74
MERGED from [:Emulator-release:] AndroidManifest.xml:5:5-7:41
	android:targetSdkVersion
		ADDED from src/main/AndroidManifest.xml:8:42-71
		INJECTED from src/main/AndroidManifest.xml
		INJECTED from src/main/AndroidManifest.xml
	android:minSdkVersion
		ADDED from src/main/AndroidManifest.xml:8:15-41
		INJECTED from src/main/AndroidManifest.xml
		INJECTED from src/main/AndroidManifest.xml
uses-permission#android.permission.INTERNET
ADDED from src/main/AndroidManifest.xml:10:5-66
	android:name
		ADDED from src/main/AndroidManifest.xml:10:22-64
uses-permission#android.permission.ACCESS_NETWORK_STATE
ADDED from src/main/AndroidManifest.xml:11:5-78
	android:name
		ADDED from src/main/AndroidManifest.xml:11:22-76
uses-permission#android.permission.ACCESS_WIFI_STATE
ADDED from src/main/AndroidManifest.xml:12:5-75
	android:name
		ADDED from src/main/AndroidManifest.xml:12:22-73
uses-permission#android.permission.READ_PHONE_STATE
ADDED from src/main/AndroidManifest.xml:13:5-74
	android:name
		ADDED from src/main/AndroidManifest.xml:13:22-72
uses-permission#android.permission.WRITE_EXTERNAL_STORAGE
ADDED from src/main/AndroidManifest.xml:14:5-80
	android:name
		ADDED from src/main/AndroidManifest.xml:14:22-78
uses-permission#android.permission.MOUNT_UNMOUNT_FILESYSTEMS
ADDED from src/main/AndroidManifest.xml:15:5-83
	android:name
		ADDED from src/main/AndroidManifest.xml:15:22-81
uses-permission#android.permission.READ_EXTERNAL_STORAGE
ADDED from src/main/AndroidManifest.xml:16:5-79
	android:name
		ADDED from src/main/AndroidManifest.xml:16:22-77
application
ADDED from src/main/AndroidManifest.xml:18:5-72:19
	android:label
		ADDED from src/main/AndroidManifest.xml:19:13-45
	android:supportsRtl
		ADDED from src/main/AndroidManifest.xml:23:13-39
	android:allowBackup
		ADDED from src/main/AndroidManifest.xml:22:13-39
	android:icon
		ADDED from src/main/AndroidManifest.xml:20:13-49
	android:theme
		ADDED from src/main/AndroidManifest.xml:21:13-64
activity#com.rarnu.tools.neo.activity.MainActivity
ADDED from src/main/AndroidManifest.xml:25:9-37:20
	android:screenOrientation
		ADDED from src/main/AndroidManifest.xml:28:17-53
	android:label
		ADDED from src/main/AndroidManifest.xml:27:17-49
	android:name
		ADDED from src/main/AndroidManifest.xml:26:17-54
intent-filter#android.intent.action.MAIN+android.intent.category.LAUNCHER
ADDED from src/main/AndroidManifest.xml:29:13-32:29
action#android.intent.action.MAIN
ADDED from src/main/AndroidManifest.xml:30:17-68
	android:name
		ADDED from src/main/AndroidManifest.xml:30:25-66
category#android.intent.category.LAUNCHER
ADDED from src/main/AndroidManifest.xml:31:17-76
	android:name
		ADDED from src/main/AndroidManifest.xml:31:27-74
intent-filter#android.intent.action.MAIN+de.robv.android.xposed.category.MODULE_SETTINGS
ADDED from src/main/AndroidManifest.xml:33:13-36:29
category#de.robv.android.xposed.category.MODULE_SETTINGS
ADDED from src/main/AndroidManifest.xml:35:17-91
	android:name
		ADDED from src/main/AndroidManifest.xml:35:27-89
activity#com.rarnu.tools.neo.activity.FreezeActivity
ADDED from src/main/AndroidManifest.xml:38:9-41:20
	android:screenOrientation
		ADDED from src/main/AndroidManifest.xml:40:17-53
	android:name
		ADDED from src/main/AndroidManifest.xml:39:17-56
activity#com.rarnu.tools.neo.activity.ComponentActivity
ADDED from src/main/AndroidManifest.xml:42:9-45:20
	android:screenOrientation
		ADDED from src/main/AndroidManifest.xml:44:17-53
	android:name
		ADDED from src/main/AndroidManifest.xml:43:17-59
activity#com.rarnu.tools.neo.activity.ComponentDetailActivity
ADDED from src/main/AndroidManifest.xml:46:9-49:20
	android:screenOrientation
		ADDED from src/main/AndroidManifest.xml:48:17-53
	android:name
		ADDED from src/main/AndroidManifest.xml:47:17-65
activity#com.rarnu.tools.neo.activity.TerminalActivity
ADDED from src/main/AndroidManifest.xml:50:9-53:20
	android:screenOrientation
		ADDED from src/main/AndroidManifest.xml:52:17-53
	android:name
		ADDED from src/main/AndroidManifest.xml:51:17-58
activity#com.rarnu.tools.neo.activity.CleanActivity
ADDED from src/main/AndroidManifest.xml:54:9-57:20
	android:screenOrientation
		ADDED from src/main/AndroidManifest.xml:56:17-53
	android:name
		ADDED from src/main/AndroidManifest.xml:55:17-55
activity#com.rarnu.tools.neo.activity.AboutActivity
ADDED from src/main/AndroidManifest.xml:58:9-61:20
	android:screenOrientation
		ADDED from src/main/AndroidManifest.xml:60:17-53
	android:name
		ADDED from src/main/AndroidManifest.xml:59:17-55
meta-data#xposedmodule
ADDED from src/main/AndroidManifest.xml:63:9-65:39
	android:value
		ADDED from src/main/AndroidManifest.xml:65:17-37
	android:name
		ADDED from src/main/AndroidManifest.xml:64:17-44
meta-data#xposeddescription
ADDED from src/main/AndroidManifest.xml:66:9-68:51
	android:value
		ADDED from src/main/AndroidManifest.xml:68:17-49
	android:name
		ADDED from src/main/AndroidManifest.xml:67:17-49
meta-data#xposedminversion
ADDED from src/main/AndroidManifest.xml:69:9-71:37
	android:value
		ADDED from src/main/AndroidManifest.xml:71:17-35
	android:name
		ADDED from src/main/AndroidManifest.xml:70:17-48